<?xml version="1.0" encoding="UTF-8"?>
<!-- Generated by org.testng.reporters.JUnitReportReporter -->
<testsuite skipped="0" hostname="AP-PUN-WS1978" name="com.crm.qa.testcase.HomePageTest" tests="3" failures="0" timestamp="08 Apr 2018 10:15:53 GMT" time="89.973" errors="0">
  <testcase name="verifyHomePageTitleTest" time="31.849" classname="com.crm.qa.testcase.HomePageTest"/>
  <testcase name="verifyUserNameTest" time="37.577" classname="com.crm.qa.testcase.HomePageTest"/>
  <testcase name="verifyContactslinkTest" time="20.547" classname="com.crm.qa.testcase.HomePageTest"/>
</testsuite> <!-- com.crm.qa.testcase.HomePageTest -->
