<?xml version="1.0" encoding="UTF-8"?>
<!-- Generated by org.testng.reporters.JUnitReportReporter -->
<testsuite skipped="0" hostname="AP-PUN-WS1978" name="com.crm.qa.testcase.LoginPageTest" tests="3" failures="0" timestamp="08 Apr 2018 10:15:53 GMT" time="63.862" errors="0">
  <testcase name="loginPageTitleTest" time="12.825" classname="com.crm.qa.testcase.LoginPageTest"/>
  <testcase name="crmLogoImageTest" time="29.907" classname="com.crm.qa.testcase.LoginPageTest"/>
  <testcase name="loginTest" time="21.130" classname="com.crm.qa.testcase.LoginPageTest"/>
</testsuite> <!-- com.crm.qa.testcase.LoginPageTest -->
